d:\git\visual_studio_code\cppprimer_advanced\cppprimeradvanced\cppprimer_advanced_lesson34\debug\vc142.pdb
d:\git\visual_studio_code\cppprimer_advanced\cppprimeradvanced\cppprimer_advanced_lesson34\debug\vc142.idb
d:\git\visual_studio_code\cppprimer_advanced\cppprimeradvanced\cppprimer_advanced_lesson34\debug\cppprimer_advanced_lesson34.obj
d:\git\visual_studio_code\cppprimer_advanced\cppprimeradvanced\cppprimer_advanced_lesson34\debug\orderqueue.obj
d:\git\visual_studio_code\cppprimer_advanced\cppprimeradvanced\debug\cppprimer_advanced_lesson34.pdb
d:\git\visual_studio_code\cppprimer_advanced\cppprimeradvanced\cppprimer_advanced_lesson34\debug\cppprime.6d960e96.tlog\cl.command.1.tlog
d:\git\visual_studio_code\cppprimer_advanced\cppprimeradvanced\cppprimer_advanced_lesson34\debug\cppprime.6d960e96.tlog\cl.read.1.tlog
d:\git\visual_studio_code\cppprimer_advanced\cppprimeradvanced\cppprimer_advanced_lesson34\debug\cppprime.6d960e96.tlog\cl.write.1.tlog
d:\git\visual_studio_code\cppprimer_advanced\cppprimeradvanced\cppprimer_advanced_lesson34\debug\cppprime.6d960e96.tlog\link-cvtres.read.1.tlog
d:\git\visual_studio_code\cppprimer_advanced\cppprimeradvanced\cppprimer_advanced_lesson34\debug\cppprime.6d960e96.tlog\link-cvtres.write.1.tlog
d:\git\visual_studio_code\cppprimer_advanced\cppprimeradvanced\cppprimer_advanced_lesson34\debug\cppprime.6d960e96.tlog\link-rc.read.1.tlog
d:\git\visual_studio_code\cppprimer_advanced\cppprimeradvanced\cppprimer_advanced_lesson34\debug\cppprime.6d960e96.tlog\link-rc.write.1.tlog
d:\git\visual_studio_code\cppprimer_advanced\cppprimeradvanced\cppprimer_advanced_lesson34\debug\cppprime.6d960e96.tlog\link.19196-cvtres.read.1.tlog
d:\git\visual_studio_code\cppprimer_advanced\cppprimeradvanced\cppprimer_advanced_lesson34\debug\cppprime.6d960e96.tlog\link.19196-cvtres.write.1.tlog
d:\git\visual_studio_code\cppprimer_advanced\cppprimeradvanced\cppprimer_advanced_lesson34\debug\cppprime.6d960e96.tlog\link.19196-rc.read.1.tlog
d:\git\visual_studio_code\cppprimer_advanced\cppprimeradvanced\cppprimer_advanced_lesson34\debug\cppprime.6d960e96.tlog\link.19196-rc.write.1.tlog
d:\git\visual_studio_code\cppprimer_advanced\cppprimeradvanced\cppprimer_advanced_lesson34\debug\cppprime.6d960e96.tlog\link.19196.read.1.tlog
d:\git\visual_studio_code\cppprimer_advanced\cppprimeradvanced\cppprimer_advanced_lesson34\debug\cppprime.6d960e96.tlog\link.19196.write.1.tlog
d:\git\visual_studio_code\cppprimer_advanced\cppprimeradvanced\cppprimer_advanced_lesson34\debug\cppprime.6d960e96.tlog\link.command.1.tlog
d:\git\visual_studio_code\cppprimer_advanced\cppprimeradvanced\cppprimer_advanced_lesson34\debug\cppprime.6d960e96.tlog\link.read.1.tlog
d:\git\visual_studio_code\cppprimer_advanced\cppprimeradvanced\cppprimer_advanced_lesson34\debug\cppprime.6d960e96.tlog\link.write.1.tlog
